[2026-07-05 06:57:28] [Lazy-Scanner] 🚀 단일 도서 즉시 스캔 기동 시작 (Book ID: 751719)
[2026-07-05 06:57:28] [Lazy-Scanner] DB 검사 중: general
[2026-07-05 06:57:28] [Lazy-Scanner] DB=general -> 처리 대상 도서 수: 1권 (커버 재추출: 1권 / 오프셋 전용: 0 books)
[2026-07-05 06:57:28] [Lazy-Scanner] (1/1) [커버+오프셋] 처리 시작 -> 환상의 게임 01권 (리디)#192.zip
[2026-07-05 06:57:28] [Scanner] ComicInfo.xml parsing error (/home/az001a/google/GDRIVE/READING/만화/완결A/하/환상의 게임/환상의 게임 01권 (리디)#192.zip): [Errno 2] No such file or directory: '/home/az001a/google/GDRIVE/READING/만화/완결A/하/환상의 게임/환상의 게임 01권 (리디)#192.zip'
[2026-07-05 06:57:28] [Lazy-Scanner ERROR] 표지 추출 실패 (환상의 게임 01권 (리디)#192.zip): [Errno 2] No such file or directory: '/home/az001a/google/GDRIVE/READING/만화/완결A/하/환상의 게임/환상의 게임 01권 (리디)#192.zip'
[2026-07-05 06:57:28] [ReportHelper] 📄 스캔 에러 리포트 저장 성공: C:\project\media_server\cache\reports\2_20260705065728.json
[2026-07-05 06:57:28] [Lazy-Scanner] DB 검사 중: adult
[2026-07-05 06:57:28] [Lazy-Scanner] DB=adult -> 처리 대상 도서 수: 0권 (커버 재추출: 0권 / 오프셋 전용: 0 books)
[2026-07-05 06:57:28] [Lazy-Scanner] ✅ 모든 DB의 Lazy 표지 스캔 작업 완료
[2026-07-05 07:04:05] [Lazy-Scanner] 🚀 독립 백그라운드 표지 스캐너 기동 시작
[2026-07-05 07:04:05] [Lazy-Scanner] DB 검사 중: general
[2026-07-05 07:04:09] [Lazy-Scanner] DB=general -> 처리 대상 도서 수: 139654권 (커버 재추출: 139654권 / 오프셋 전용: 0 books)
[2026-07-05 07:04:10] [Lazy-Scanner] (1/139654) [커버] 처리 시작 -> 01권#210.zip
[2026-07-05 07:04:10] [Scanner] ComicInfo.xml parsing error (/home/az001a/google/GDRIVE/READING/만화/완결A/아/은빛 하모니/01권#210.zip): [Errno 2] No such file or directory: '/home/az001a/google/GDRIVE/READING/만화/완결A/아/은빛 하모니/01권#210.zip'
[2026-07-05 07:04:10] [Lazy-Scanner ERROR] 표지 추출 실패 (01권#210.zip): [Errno 2] No such file or directory: '/home/az001a/google/GDRIVE/READING/만화/완결A/아/은빛 하모니/01권#210.zip'
[2026-07-05 07:04:13] [Lazy-Scanner] (2/139654) [커버] 처리 시작 -> 02권#196.zip
[2026-07-05 07:04:13] [Scanner] ComicInfo.xml parsing error (/home/az001a/google/GDRIVE/READING/만화/완결A/아/은빛 하모니/02권#196.zip): [Errno 2] No such file or directory: '/home/az001a/google/GDRIVE/READING/만화/완결A/아/은빛 하모니/02권#196.zip'
[2026-07-05 07:04:13] [Lazy-Scanner ERROR] 표지 추출 실패 (02권#196.zip): [Errno 2] No such file or directory: '/home/az001a/google/GDRIVE/READING/만화/완결A/아/은빛 하모니/02권#196.zip'
[2026-07-05 07:04:16] [Lazy-Scanner] (3/139654) [커버] 처리 시작 -> 03권#184.zip
[2026-07-05 07:04:16] [Scanner] ComicInfo.xml parsing error (/home/az001a/google/GDRIVE/READING/만화/완결A/아/은빛 하모니/03권#184.zip): [Errno 2] No such file or directory: '/home/az001a/google/GDRIVE/READING/만화/완결A/아/은빛 하모니/03권#184.zip'
[2026-07-05 07:04:16] [Lazy-Scanner ERROR] 표지 추출 실패 (03권#184.zip): [Errno 2] No such file or directory: '/home/az001a/google/GDRIVE/READING/만화/완결A/아/은빛 하모니/03권#184.zip'
[2026-07-05 07:04:19] [Lazy-Scanner] (4/139654) [커버] 처리 시작 -> 04권#192.zip
[2026-07-05 07:04:19] [Scanner] ComicInfo.xml parsing error (/home/az001a/google/GDRIVE/READING/만화/완결A/아/은빛 하모니/04권#192.zip): [Errno 2] No such file or directory: '/home/az001a/google/GDRIVE/READING/만화/완결A/아/은빛 하모니/04권#192.zip'
[2026-07-05 07:04:19] [Lazy-Scanner ERROR] 표지 추출 실패 (04권#192.zip): [Errno 2] No such file or directory: '/home/az001a/google/GDRIVE/READING/만화/완결A/아/은빛 하모니/04권#192.zip'
[2026-07-05 07:04:22] [Lazy-Scanner] (5/139654) [커버] 처리 시작 -> 05권#188.zip
[2026-07-05 07:04:22] [Scanner] ComicInfo.xml parsing error (/home/az001a/google/GDRIVE/READING/만화/완결A/아/은빛 하모니/05권#188.zip): [Errno 2] No such file or directory: '/home/az001a/google/GDRIVE/READING/만화/완결A/아/은빛 하모니/05권#188.zip'
[2026-07-05 07:04:22] [Lazy-Scanner ERROR] 표지 추출 실패 (05권#188.zip): [Errno 2] No such file or directory: '/home/az001a/google/GDRIVE/READING/만화/완결A/아/은빛 하모니/05권#188.zip'
[2026-07-05 07:04:25] [Lazy-Scanner] (6/139654) [커버] 처리 시작 -> 06권 完#191.zip
[2026-07-05 07:04:25] [Scanner] ComicInfo.xml parsing error (/home/az001a/google/GDRIVE/READING/만화/완결A/아/은빛 하모니/06권 完#191.zip): [Errno 2] No such file or directory: '/home/az001a/google/GDRIVE/READING/만화/완결A/아/은빛 하모니/06권 完#191.zip'
[2026-07-05 07:04:25] [Lazy-Scanner ERROR] 표지 추출 실패 (06권 完#191.zip): [Errno 2] No such file or directory: '/home/az001a/google/GDRIVE/READING/만화/완결A/아/은빛 하모니/06권 完#191.zip'
[2026-07-05 07:04:28] [Lazy-Scanner] (7/139654) [커버] 처리 시작 -> 01권#164.zip
[2026-07-05 07:04:28] [Scanner] ComicInfo.xml parsing error (/home/az001a/google/GDRIVE/READING/만화/연재/자/짐승 상사에게 실은 인정받고 있었던 이야기/01권#164.zip): [Errno 2] No such file or directory: '/home/az001a/google/GDRIVE/READING/만화/연재/자/짐승 상사에게 실은 인정받고 있었던 이야기/01권#164.zip'
[2026-07-05 07:04:28] [Lazy-Scanner ERROR] 표지 추출 실패 (01권#164.zip): [Errno 2] No such file or directory: '/home/az001a/google/GDRIVE/READING/만화/연재/자/짐승 상사에게 실은 인정받고 있었던 이야기/01권#164.zip'
[2026-07-05 07:04:31] [Lazy-Scanner] (8/139654) [커버] 처리 시작 -> 02권#164.zip
[2026-07-05 07:04:31] [Scanner] ComicInfo.xml parsing error (/home/az001a/google/GDRIVE/READING/만화/연재/자/짐승 상사에게 실은 인정받고 있었던 이야기/02권#164.zip): [Errno 2] No such file or directory: '/home/az001a/google/GDRIVE/READING/만화/연재/자/짐승 상사에게 실은 인정받고 있었던 이야기/02권#164.zip'
[2026-07-05 07:04:31] [Lazy-Scanner ERROR] 표지 추출 실패 (02권#164.zip): [Errno 2] No such file or directory: '/home/az001a/google/GDRIVE/READING/만화/연재/자/짐승 상사에게 실은 인정받고 있었던 이야기/02권#164.zip'
[2026-07-05 07:04:34] [Lazy-Scanner] (9/139654) [커버] 처리 시작 -> 01권(번).zip
[2026-07-05 07:04:34] [Scanner] ComicInfo.xml parsing error (/home/az001a/google/GDRIVE/READING/만화/번역/바/브레이크 블레이드/01권(번).zip): [Errno 2] No such file or directory: '/home/az001a/google/GDRIVE/READING/만화/번역/바/브레이크 블레이드/01권(번).zip'
[2026-07-05 07:04:34] [Lazy-Scanner ERROR] 표지 추출 실패 (01권(번).zip): [Errno 2] No such file or directory: '/home/az001a/google/GDRIVE/READING/만화/번역/바/브레이크 블레이드/01권(번).zip'
[2026-07-05 07:04:37] [Lazy-Scanner] (10/139654) [커버] 처리 시작 -> 02권(번).zip
[2026-07-05 07:04:37] [Scanner] ComicInfo.xml parsing error (/home/az001a/google/GDRIVE/READING/만화/번역/바/브레이크 블레이드/02권(번).zip): [Errno 2] No such file or directory: '/home/az001a/google/GDRIVE/READING/만화/번역/바/브레이크 블레이드/02권(번).zip'
[2026-07-05 07:04:37] [Lazy-Scanner ERROR] 표지 추출 실패 (02권(번).zip): [Errno 2] No such file or directory: '/home/az001a/google/GDRIVE/READING/만화/번역/바/브레이크 블레이드/02권(번).zip'
[2026-07-05 07:04:39] [Lazy-Scanner] 🚀 독립 백그라운드 표지 스캐너 기동 시작
[2026-07-05 07:04:39] [Lazy-Scanner] DB 검사 중: general
[2026-07-05 07:04:40] [Lazy-Scanner] (11/139654) [커버] 처리 시작 -> 03권(번).zip
[2026-07-05 07:04:40] [Scanner] ComicInfo.xml parsing error (/home/az001a/google/GDRIVE/READING/만화/번역/바/브레이크 블레이드/03권(번).zip): [Errno 2] No such file or directory: '/home/az001a/google/GDRIVE/READING/만화/번역/바/브레이크 블레이드/03권(번).zip'
[2026-07-05 07:04:40] [Lazy-Scanner ERROR] 표지 추출 실패 (03권(번).zip): [Errno 2] No such file or directory: '/home/az001a/google/GDRIVE/READING/만화/번역/바/브레이크 블레이드/03권(번).zip'
[2026-07-05 07:04:43] [Lazy-Scanner] DB=general -> 처리 대상 도서 수: 139654권 (커버 재추출: 139654권 / 오프셋 전용: 0 books)
[2026-07-05 07:04:43] [Lazy-Scanner] (12/139654) [커버] 처리 시작 -> 04권(번).zip
[2026-07-05 07:04:43] [Scanner] ComicInfo.xml parsing error (/home/az001a/google/GDRIVE/READING/만화/번역/바/브레이크 블레이드/04권(번).zip): [Errno 2] No such file or directory: '/home/az001a/google/GDRIVE/READING/만화/번역/바/브레이크 블레이드/04권(번).zip'
[2026-07-05 07:04:43] [Lazy-Scanner ERROR] 표지 추출 실패 (04권(번).zip): [Errno 2] No such file or directory: '/home/az001a/google/GDRIVE/READING/만화/번역/바/브레이크 블레이드/04권(번).zip'
[2026-07-05 07:04:44] [Lazy-Scanner] (1/139654) [커버] 처리 시작 -> 01권#210.zip
[2026-07-05 07:04:44] [Scanner] ComicInfo.xml parsing error (/home/az001a/google/GDRIVE/READING/만화/완결A/아/은빛 하모니/01권#210.zip): [Errno 2] No such file or directory: '/home/az001a/google/GDRIVE/READING/만화/완결A/아/은빛 하모니/01권#210.zip'
[2026-07-05 07:04:44] [Lazy-Scanner ERROR] 표지 추출 실패 (01권#210.zip): [Errno 2] No such file or directory: '/home/az001a/google/GDRIVE/READING/만화/완결A/아/은빛 하모니/01권#210.zip'
[2026-07-05 07:04:46] [Lazy-Scanner] (13/139654) [커버] 처리 시작 -> 05권(번).zip
[2026-07-05 07:04:46] [Scanner] ComicInfo.xml parsing error (/home/az001a/google/GDRIVE/READING/만화/번역/바/브레이크 블레이드/05권(번).zip): [Errno 2] No such file or directory: '/home/az001a/google/GDRIVE/READING/만화/번역/바/브레이크 블레이드/05권(번).zip'
[2026-07-05 07:04:46] [Lazy-Scanner ERROR] 표지 추출 실패 (05권(번).zip): [Errno 2] No such file or directory: '/home/az001a/google/GDRIVE/READING/만화/번역/바/브레이크 블레이드/05권(번).zip'
[2026-07-05 07:04:47] [Lazy-Scanner] (2/139654) [커버] 처리 시작 -> 02권#196.zip
[2026-07-05 07:04:47] [Scanner] ComicInfo.xml parsing error (/home/az001a/google/GDRIVE/READING/만화/완결A/아/은빛 하모니/02권#196.zip): [Errno 2] No such file or directory: '/home/az001a/google/GDRIVE/READING/만화/완결A/아/은빛 하모니/02권#196.zip'
[2026-07-05 07:04:47] [Lazy-Scanner ERROR] 표지 추출 실패 (02권#196.zip): [Errno 2] No such file or directory: '/home/az001a/google/GDRIVE/READING/만화/완결A/아/은빛 하모니/02권#196.zip'
[2026-07-05 07:04:49] [Lazy-Scanner] (14/139654) [커버] 처리 시작 -> 06권(번).zip
[2026-07-05 07:04:49] [Scanner] ComicInfo.xml parsing error (/home/az001a/google/GDRIVE/READING/만화/번역/바/브레이크 블레이드/06권(번).zip): [Errno 2] No such file or directory: '/home/az001a/google/GDRIVE/READING/만화/번역/바/브레이크 블레이드/06권(번).zip'
[2026-07-05 07:04:49] [Lazy-Scanner ERROR] 표지 추출 실패 (06권(번).zip): [Errno 2] No such file or directory: '/home/az001a/google/GDRIVE/READING/만화/번역/바/브레이크 블레이드/06권(번).zip'
[2026-07-05 07:04:50] [Lazy-Scanner] (3/139654) [커버] 처리 시작 -> 03권#184.zip
[2026-07-05 07:04:50] [Scanner] ComicInfo.xml parsing error (/home/az001a/google/GDRIVE/READING/만화/완결A/아/은빛 하모니/03권#184.zip): [Errno 2] No such file or directory: '/home/az001a/google/GDRIVE/READING/만화/완결A/아/은빛 하모니/03권#184.zip'
[2026-07-05 07:04:50] [Lazy-Scanner ERROR] 표지 추출 실패 (03권#184.zip): [Errno 2] No such file or directory: '/home/az001a/google/GDRIVE/READING/만화/완결A/아/은빛 하모니/03권#184.zip'
[2026-07-05 07:04:52] [Lazy-Scanner] (15/139654) [커버] 처리 시작 -> 07권(번).zip
[2026-07-05 07:04:52] [Scanner] ComicInfo.xml parsing error (/home/az001a/google/GDRIVE/READING/만화/번역/바/브레이크 블레이드/07권(번).zip): [Errno 2] No such file or directory: '/home/az001a/google/GDRIVE/READING/만화/번역/바/브레이크 블레이드/07권(번).zip'
[2026-07-05 07:04:52] [Lazy-Scanner ERROR] 표지 추출 실패 (07권(번).zip): [Errno 2] No such file or directory: '/home/az001a/google/GDRIVE/READING/만화/번역/바/브레이크 블레이드/07권(번).zip'
[2026-07-05 07:04:53] [Lazy-Scanner] (4/139654) [커버] 처리 시작 -> 04권#192.zip
[2026-07-05 07:04:53] [Scanner] ComicInfo.xml parsing error (/home/az001a/google/GDRIVE/READING/만화/완결A/아/은빛 하모니/04권#192.zip): [Errno 2] No such file or directory: '/home/az001a/google/GDRIVE/READING/만화/완결A/아/은빛 하모니/04권#192.zip'
[2026-07-05 07:04:53] [Lazy-Scanner ERROR] 표지 추출 실패 (04권#192.zip): [Errno 2] No such file or directory: '/home/az001a/google/GDRIVE/READING/만화/완결A/아/은빛 하모니/04권#192.zip'
[2026-07-05 07:04:55] [Lazy-Scanner] (16/139654) [커버] 처리 시작 -> 08권(번).zip
[2026-07-05 07:04:55] [Scanner] ComicInfo.xml parsing error (/home/az001a/google/GDRIVE/READING/만화/번역/바/브레이크 블레이드/08권(번).zip): [Errno 2] No such file or directory: '/home/az001a/google/GDRIVE/READING/만화/번역/바/브레이크 블레이드/08권(번).zip'
[2026-07-05 07:04:55] [Lazy-Scanner ERROR] 표지 추출 실패 (08권(번).zip): [Errno 2] No such file or directory: '/home/az001a/google/GDRIVE/READING/만화/번역/바/브레이크 블레이드/08권(번).zip'
[2026-07-05 07:04:56] [Lazy-Scanner] (5/139654) [커버] 처리 시작 -> 05권#188.zip
[2026-07-05 07:04:56] [Scanner] ComicInfo.xml parsing error (/home/az001a/google/GDRIVE/READING/만화/완결A/아/은빛 하모니/05권#188.zip): [Errno 2] No such file or directory: '/home/az001a/google/GDRIVE/READING/만화/완결A/아/은빛 하모니/05권#188.zip'
[2026-07-05 07:04:56] [Lazy-Scanner ERROR] 표지 추출 실패 (05권#188.zip): [Errno 2] No such file or directory: '/home/az001a/google/GDRIVE/READING/만화/완결A/아/은빛 하모니/05권#188.zip'
[2026-07-05 07:04:59] [Lazy-Scanner] (17/139654) [커버] 처리 시작 -> 09권(번).zip
[2026-07-05 07:04:59] [Scanner] ComicInfo.xml parsing error (/home/az001a/google/GDRIVE/READING/만화/번역/바/브레이크 블레이드/09권(번).zip): [Errno 2] No such file or directory: '/home/az001a/google/GDRIVE/READING/만화/번역/바/브레이크 블레이드/09권(번).zip'
[2026-07-05 07:04:59] [Lazy-Scanner ERROR] 표지 추출 실패 (09권(번).zip): [Errno 2] No such file or directory: '/home/az001a/google/GDRIVE/READING/만화/번역/바/브레이크 블레이드/09권(번).zip'
[2026-07-05 07:04:59] [Lazy-Scanner] (6/139654) [커버] 처리 시작 -> 06권 完#191.zip
[2026-07-05 07:04:59] [Scanner] ComicInfo.xml parsing error (/home/az001a/google/GDRIVE/READING/만화/완결A/아/은빛 하모니/06권 完#191.zip): [Errno 2] No such file or directory: '/home/az001a/google/GDRIVE/READING/만화/완결A/아/은빛 하모니/06권 完#191.zip'
[2026-07-05 07:04:59] [Lazy-Scanner ERROR] 표지 추출 실패 (06권 完#191.zip): [Errno 2] No such file or directory: '/home/az001a/google/GDRIVE/READING/만화/완결A/아/은빛 하모니/06권 完#191.zip'
[2026-07-05 07:05:02] [Lazy-Scanner] (18/139654) [커버] 처리 시작 -> 10권(번).zip
[2026-07-05 07:05:02] [Scanner] ComicInfo.xml parsing error (/home/az001a/google/GDRIVE/READING/만화/번역/바/브레이크 블레이드/10권(번).zip): [Errno 2] No such file or directory: '/home/az001a/google/GDRIVE/READING/만화/번역/바/브레이크 블레이드/10권(번).zip'
[2026-07-05 07:05:02] [Lazy-Scanner ERROR] 표지 추출 실패 (10권(번).zip): [Errno 2] No such file or directory: '/home/az001a/google/GDRIVE/READING/만화/번역/바/브레이크 블레이드/10권(번).zip'
[2026-07-05 07:05:02] [Lazy-Scanner] (7/139654) [커버] 처리 시작 -> 01권#164.zip
[2026-07-05 07:05:02] [Scanner] ComicInfo.xml parsing error (/home/az001a/google/GDRIVE/READING/만화/연재/자/짐승 상사에게 실은 인정받고 있었던 이야기/01권#164.zip): [Errno 2] No such file or directory: '/home/az001a/google/GDRIVE/READING/만화/연재/자/짐승 상사에게 실은 인정받고 있었던 이야기/01권#164.zip'
[2026-07-05 07:05:02] [Lazy-Scanner ERROR] 표지 추출 실패 (01권#164.zip): [Errno 2] No such file or directory: '/home/az001a/google/GDRIVE/READING/만화/연재/자/짐승 상사에게 실은 인정받고 있었던 이야기/01권#164.zip'
[2026-07-05 07:05:05] [Lazy-Scanner] (19/139654) [커버] 처리 시작 -> 11권(번).zip
[2026-07-05 07:05:05] [Scanner] ComicInfo.xml parsing error (/home/az001a/google/GDRIVE/READING/만화/번역/바/브레이크 블레이드/11권(번).zip): [Errno 2] No such file or directory: '/home/az001a/google/GDRIVE/READING/만화/번역/바/브레이크 블레이드/11권(번).zip'
[2026-07-05 07:05:05] [Lazy-Scanner ERROR] 표지 추출 실패 (11권(번).zip): [Errno 2] No such file or directory: '/home/az001a/google/GDRIVE/READING/만화/번역/바/브레이크 블레이드/11권(번).zip'
[2026-07-05 07:05:05] [Lazy-Scanner] (8/139654) [커버] 처리 시작 -> 02권#164.zip
[2026-07-05 07:05:05] [Scanner] ComicInfo.xml parsing error (/home/az001a/google/GDRIVE/READING/만화/연재/자/짐승 상사에게 실은 인정받고 있었던 이야기/02권#164.zip): [Errno 2] No such file or directory: '/home/az001a/google/GDRIVE/READING/만화/연재/자/짐승 상사에게 실은 인정받고 있었던 이야기/02권#164.zip'
[2026-07-05 07:05:05] [Lazy-Scanner ERROR] 표지 추출 실패 (02권#164.zip): [Errno 2] No such file or directory: '/home/az001a/google/GDRIVE/READING/만화/연재/자/짐승 상사에게 실은 인정받고 있었던 이야기/02권#164.zip'
